<?xml version="1.0" encoding="UTF-8"?>
<testsuite xmlns:xsi="http://www.w3.org/2001/XMLSchema-instance" xsi:noNamespaceSchemaLocation="https://maven.apache.org/surefire/maven-surefire-plugin/xsd/surefire-test-report.xsd" name="unit_test.SetLogicTest" time="0.005" tests="3" errors="0" skipped="0" failures="0">
  <properties>
[...]
</properties>
  <testcase name="subtract_twoSets" classname="unit_test.SetLogicTest" time="0"/>
  <testcase name="intersect_allSets" classname="unit_test.SetLogicTest" time="0.002"/>
  <testcase name="union_allSets" classname="unit_test.SetLogicTest" time="0.001"/>
</testsuite>